[2026-04-15T11:45:35.467Z] info: Database connected successfully
[2026-04-15T11:46:11.853Z] info: Server running on port 5001
[2026-04-15T12:19:44.293Z] error: Cannot set property query of #<IncomingMessage> which has only a getter
[2026-04-15T12:19:47.614Z] error: Cannot set property query of #<IncomingMessage> which has only a getter
[2026-04-15T12:20:09.934Z] error: Cannot set property query of #<IncomingMessage> which has only a getter
[2026-04-15T12:20:09.977Z] error: Cannot set property query of #<IncomingMessage> which has only a getter
[2026-04-15T12:20:25.707Z] error: Cannot set property query of #<IncomingMessage> which has only a getter
[2026-04-15T12:20:25.743Z] error: Cannot set property query of #<IncomingMessage> which has only a getter
[2026-04-15T12:44:49.959Z] info: Database connected successfully
[2026-04-15T12:45:08.811Z] info: Server running on port 5001
[2026-04-15T12:46:02.131Z] error: Cannot set property query of #<IncomingMessage> which has only a getter
[2026-04-15T12:46:02.347Z] error: Cannot set property query of #<IncomingMessage> which has only a getter
[2026-04-15T12:59:17.595Z] info: Database connected successfully
[2026-04-15T12:59:25.591Z] info: Server running on port 5001
[2026-04-15T12:59:44.183Z] error: Cannot set property query of #<IncomingMessage> which has only a getter
[2026-04-15T12:59:44.411Z] error: Cannot set property query of #<IncomingMessage> which has only a getter
[2026-04-15T13:00:07.027Z] error: Cannot set property query of #<IncomingMessage> which has only a getter
[2026-04-15T13:00:07.094Z] error: Cannot set property query of #<IncomingMessage> which has only a getter
[2026-04-15T14:35:42.598Z] info: Database connected successfully
[2026-04-15T14:35:52.128Z] info: Server running on port 5001
[2026-04-15T14:36:23.116Z] error: Cannot set property query of #<IncomingMessage> which has only a getter
[2026-04-15T14:36:25.674Z] error: Cannot set property query of #<IncomingMessage> which has only a getter
[2026-04-15T14:36:25.748Z] error: Cannot set property query of #<IncomingMessage> which has only a getter
[2026-04-15T14:36:28.728Z] error: Cannot set property query of #<IncomingMessage> which has only a getter
[2026-04-15T14:36:28.795Z] error: Cannot set property query of #<IncomingMessage> which has only a getter
[2026-04-15T14:49:47.968Z] info: Database connected successfully
[2026-04-15T14:49:57.540Z] info: Server running on port 5001
[2026-04-15T14:54:02.706Z] error: Cannot set property query of #<IncomingMessage> which has only a getter
[2026-04-15T14:54:05.098Z] error: Cannot set property query of #<IncomingMessage> which has only a getter
[2026-04-15T14:57:45.638Z] info: Database connected successfully
[2026-04-15T14:58:00.869Z] info: Server running on port 5001
[2026-04-15T14:58:25.764Z] info: ::1 - - [15/Apr/2026:14:58:25 +0000] "GET /api/v1/books HTTP/1.1" 200 49 "-" "Mozilla/5.0 (Windows NT 10.0; Win64; x64) AppleWebKit/537.36 (KHTML, like Gecko) Chrome/147.0.0.0 Safari/537.36"
[2026-04-15T14:58:25.865Z] info: ::1 - - [15/Apr/2026:14:58:25 +0000] "GET /favicon.ico HTTP/1.1" 404 150 "http://localhost:5001/api/v1/books" "Mozilla/5.0 (Windows NT 10.0; Win64; x64) AppleWebKit/537.36 (KHTML, like Gecko) Chrome/147.0.0.0 Safari/537.36"
[2026-04-15T14:58:40.253Z] info: ::1 - - [15/Apr/2026:14:58:40 +0000] "GET / HTTP/1.1" 404 139 "-" "Mozilla/5.0 (Windows NT 10.0; Win64; x64) AppleWebKit/537.36 (KHTML, like Gecko) Chrome/147.0.0.0 Safari/537.36"
[2026-04-15T15:00:44.545Z] info: ::1 - - [15/Apr/2026:15:00:44 +0000] "GET /api/v1/categories HTTP/1.1" 200 2 "-" "Mozilla/5.0 (Windows NT 10.0; Win64; x64) AppleWebKit/537.36 (KHTML, like Gecko) Chrome/147.0.0.0 Safari/537.36"
[2026-04-15T15:00:52.208Z] error: Invalid or expired token
[2026-04-15T15:00:52.212Z] info: ::1 - - [15/Apr/2026:15:00:52 +0000] "GET /api/v1/coupons HTTP/1.1" 401 54 "-" "Mozilla/5.0 (Windows NT 10.0; Win64; x64) AppleWebKit/537.36 (KHTML, like Gecko) Chrome/147.0.0.0 Safari/537.36"
[2026-04-15T15:01:16.043Z] info: ::1 - - [15/Apr/2026:15:01:16 +0000] "GET /api/v1/books HTTP/1.1" 200 49 "-" "Mozilla/5.0 (Windows NT 10.0; Win64; x64) AppleWebKit/537.36 (KHTML, like Gecko) Chrome/147.0.0.0 Safari/537.36"
[2026-04-15T15:03:09.242Z] info: Database connected successfully
[2026-04-15T15:03:20.276Z] info: Server running on port 5001
[2026-04-15T15:12:35.976Z] info: Database connected successfully
[2026-04-15T15:12:43.362Z] info: Server running on port 5001
[2026-04-15T15:13:39.017Z] info: ::1 - - [15/Apr/2026:15:13:39 +0000] "GET /api/v1/books HTTP/1.1" 304 - "-" "Mozilla/5.0 (Windows NT 10.0; Win64; x64) AppleWebKit/537.36 (KHTML, like Gecko) Chrome/147.0.0.0 Safari/537.36"
[2026-04-15T15:13:46.531Z] info: ::1 - - [15/Apr/2026:15:13:46 +0000] "GET /api/v1/categories HTTP/1.1" 200 2 "-" "Mozilla/5.0 (Windows NT 10.0; Win64; x64) AppleWebKit/537.36 (KHTML, like Gecko) Chrome/147.0.0.0 Safari/537.36"
